[debug] [2021-08-07T08:36:55.632Z] ----------------------------------------------------------------------
[debug] [2021-08-07T08:36:55.638Z] Command:       C:\Program Files (x86)\nodejs\node.exe C:\Users\aruno\AppData\Roaming\npm\node_modules\firebase-tools\lib\bin\firebase.js init
[debug] [2021-08-07T08:36:55.639Z] CLI Version:   9.14.0
[debug] [2021-08-07T08:36:55.639Z] Platform:      win32
[debug] [2021-08-07T08:36:55.639Z] Node Version:  v14.17.0
[debug] [2021-08-07T08:36:55.643Z] Time:          Sat Aug 07 2021 14:21:55 GMT+0545 (Nepal Time)
[debug] [2021-08-07T08:36:55.643Z] ----------------------------------------------------------------------
[debug] 
[debug] [2021-08-07T08:36:55.649Z] >>> [apiv2][query] GET https://firebase-public.firebaseio.com/cli.json [none]
[debug] [2021-08-07T08:36:55.709Z] > command requires scopes: ["email","openid","https://www.googleapis.com/auth/cloudplatformprojects.readonly","https://www.googleapis.com/auth/firebase","https://www.googleapis.com/auth/cloud-platform"]
[debug] [2021-08-07T08:36:55.709Z] > authorizing via signed-in user (arunoaec@gmail.com)
[info] 
     ######## #### ########  ######## ########     ###     ######  ########
     ##        ##  ##     ## ##       ##     ##  ##   ##  ##       ##
     ######    ##  ########  ######   ########  #########  ######  ######
     ##        ##  ##    ##  ##       ##     ## ##     ##       ## ##
     ##       #### ##     ## ######## ########  ##     ##  ######  ########

You're about to initialize a Firebase project in this directory:

  G:\REACT\fashion_ecommerce

[debug] [2021-08-07T08:36:56.810Z] <<< [apiv2][status] GET https://firebase-public.firebaseio.com/cli.json 200
[debug] [2021-08-07T08:36:56.811Z] <<< [apiv2][body] GET https://firebase-public.firebaseio.com/cli.json {"cloudBuildErrorAfter":1594252800000,"cloudBuildWarnAfter":1590019200000,"defaultNode10After":1594252800000,"minVersion":"3.0.5","node8DeploysDisabledAfter":1613390400000,"node8RuntimeDisabledAfter":1615809600000,"node8WarnAfter":1600128000000}
